<?xml version="1.0" encoding="UTF-8"?>
<testsuite name="study.datajpa.DataJpaApplicationTests" tests="1" skipped="0" failures="0" errors="0" timestamp="2023-10-10T00:33:44" hostname="bui-MacBookPro.local" time="0.276">
  <properties/>
  <testcase name="contextLoads()" classname="study.datajpa.DataJpaApplicationTests" time="0.276"/>
  <system-out><![CDATA[09:33:42.826 [Test worker] INFO org.springframework.test.context.support.AnnotationConfigContextLoaderUtils -- Could not detect default configuration classes for test class [study.datajpa.DataJpaApplicationTests]: DataJpaApplicationTests does not declare any static, non-private, non-final, nested classes annotated with @Configuration.
09:33:42.856 [Test worker] INFO org.springframework.boot.test.context.SpringBootTestContextBootstrapper -- Found @SpringBootConfiguration study.datajpa.DataJpaApplication for test class study.datajpa.DataJpaApplicationTests

  .   ____          _            __ _ _
 /\\ / ___'_ __ _ _(_)_ __  __ _ \ \ \ \
( ( )\___ | '_ | '_| | '_ \/ _` | \ \ \ \
 \\/  ___)| |_)| | | | | || (_| |  ) ) ) )
  '  |____| .__|_| |_|_| |_\__, | / / / /
 =========|_|==============|___/=/_/_/_/
 :: Spring Boot ::                (v3.1.4)

2023-10-10T09:33:43.000+09:00  INFO 50683 --- [    Test worker] study.datajpa.DataJpaApplicationTests    : Starting DataJpaApplicationTests using Java 21 with PID 50683 (started by q in /Users/q/Documents/GitHub/data-jpa)
2023-10-10T09:33:43.000+09:00  INFO 50683 --- [    Test worker] study.datajpa.DataJpaApplicationTests    : No active profile set, falling back to 1 default profile: "default"
2023-10-10T09:33:43.194+09:00  INFO 50683 --- [    Test worker] .s.d.r.c.RepositoryConfigurationDelegate : Bootstrapping Spring Data JPA repositories in DEFAULT mode.
2023-10-10T09:33:43.212+09:00  INFO 50683 --- [    Test worker] .s.d.r.c.RepositoryConfigurationDelegate : Finished Spring Data repository scanning in 15 ms. Found 1 JPA repository interfaces.
2023-10-10T09:33:43.419+09:00  INFO 50683 --- [    Test worker] o.hibernate.jpa.internal.util.LogHelper  : HHH000204: Processing PersistenceUnitInfo [name: default]
2023-10-10T09:33:43.436+09:00  INFO 50683 --- [    Test worker] org.hibernate.Version                    : HHH000412: Hibernate ORM core version 6.2.9.Final
2023-10-10T09:33:43.437+09:00  INFO 50683 --- [    Test worker] org.hibernate.cfg.Environment            : HHH000406: Using bytecode reflection optimizer
2023-10-10T09:33:43.480+09:00  INFO 50683 --- [    Test worker] o.h.b.i.BytecodeProviderInitiator        : HHH000021: Bytecode provider name : bytebuddy
2023-10-10T09:33:43.529+09:00  INFO 50683 --- [    Test worker] o.s.o.j.p.SpringPersistenceUnitInfo      : No LoadTimeWeaver setup: ignoring JPA class transformer
2023-10-10T09:33:43.536+09:00  INFO 50683 --- [    Test worker] com.zaxxer.hikari.HikariDataSource       : HikariPool-1 - Starting...
2023-10-10T09:33:43.572+09:00  INFO 50683 --- [    Test worker] com.zaxxer.hikari.pool.HikariPool        : HikariPool-1 - Added connection conn0: url=jdbc:h2:tcp://localhost/~/datajpa user=SA
2023-10-10T09:33:43.573+09:00  INFO 50683 --- [    Test worker] com.zaxxer.hikari.HikariDataSource       : HikariPool-1 - Start completed.
2023-10-10T09:33:43.663+09:00  INFO 50683 --- [    Test worker] p6spy                                    : #1696898023663 | took 3ms | statement | connection 1| url jdbc:h2:tcp://localhost/~/datajpa
select * from INFORMATION_SCHEMA.SEQUENCES
select * from INFORMATION_SCHEMA.SEQUENCES;
2023-10-10T09:33:43.669+09:00  INFO 50683 --- [    Test worker] o.h.b.i.BytecodeProviderInitiator        : HHH000021: Bytecode provider name : bytebuddy
2023-10-10T09:33:43.913+09:00  INFO 50683 --- [    Test worker] o.h.e.t.j.p.i.JtaPlatformInitiator       : HHH000490: Using JtaPlatform implementation: [org.hibernate.engine.transaction.jta.platform.internal.NoJtaPlatform]
2023-10-10T09:33:43.918+09:00 DEBUG 50683 --- [    Test worker] org.hibernate.SQL                        : 
    drop table if exists member cascade 
2023-10-10T09:33:43.919+09:00  INFO 50683 --- [    Test worker] p6spy                                    : #1696898023919 | took 0ms | statement | connection 2| url jdbc:h2:tcp://localhost/~/datajpa

    drop table if exists member cascade 

    drop table if exists member cascade ;
2023-10-10T09:33:43.920+09:00 DEBUG 50683 --- [    Test worker] org.hibernate.SQL                        : 
    drop table if exists team cascade 
2023-10-10T09:33:43.920+09:00  INFO 50683 --- [    Test worker] p6spy                                    : #1696898023920 | took 0ms | statement | connection 2| url jdbc:h2:tcp://localhost/~/datajpa

    drop table if exists team cascade 

    drop table if exists team cascade ;
2023-10-10T09:33:43.920+09:00 DEBUG 50683 --- [    Test worker] org.hibernate.SQL                        : 
    drop sequence if exists member_seq
2023-10-10T09:33:43.920+09:00  INFO 50683 --- [    Test worker] p6spy                                    : #1696898023920 | took 0ms | statement | connection 2| url jdbc:h2:tcp://localhost/~/datajpa

    drop sequence if exists member_seq

    drop sequence if exists member_seq;
2023-10-10T09:33:43.920+09:00 DEBUG 50683 --- [    Test worker] org.hibernate.SQL                        : 
    drop sequence if exists team_seq
2023-10-10T09:33:43.921+09:00  INFO 50683 --- [    Test worker] p6spy                                    : #1696898023921 | took 0ms | statement | connection 2| url jdbc:h2:tcp://localhost/~/datajpa

    drop sequence if exists team_seq

    drop sequence if exists team_seq;
2023-10-10T09:33:43.923+09:00 DEBUG 50683 --- [    Test worker] org.hibernate.SQL                        : 
    create sequence member_seq start with 1 increment by 50
2023-10-10T09:33:43.923+09:00  INFO 50683 --- [    Test worker] p6spy                                    : #1696898023923 | took 0ms | statement | connection 3| url jdbc:h2:tcp://localhost/~/datajpa

    create sequence member_seq start with 1 increment by 50

    create sequence member_seq start with 1 increment by 50;
2023-10-10T09:33:43.923+09:00 DEBUG 50683 --- [    Test worker] org.hibernate.SQL                        : 
    create sequence team_seq start with 1 increment by 50
2023-10-10T09:33:43.923+09:00  INFO 50683 --- [    Test worker] p6spy                                    : #1696898023923 | took 0ms | statement | connection 3| url jdbc:h2:tcp://localhost/~/datajpa

    create sequence team_seq start with 1 increment by 50

    create sequence team_seq start with 1 increment by 50;
2023-10-10T09:33:43.924+09:00 DEBUG 50683 --- [    Test worker] org.hibernate.SQL                        : 
    create table member (
        age integer not null,
        member_id bigint not null,
        team_id bigint,
        username varchar(255),
        primary key (member_id)
    )
2023-10-10T09:33:43.925+09:00  INFO 50683 --- [    Test worker] p6spy                                    : #1696898023925 | took 0ms | statement | connection 3| url jdbc:h2:tcp://localhost/~/datajpa

    create table member (
        age integer not null,
        member_id bigint not null,
        team_id bigint,
        username varchar(255),
        primary key (member_id)
    )

    create table member (
        age integer not null,
        member_id bigint not null,
        team_id bigint,
        username varchar(255),
        primary key (member_id)
    );
2023-10-10T09:33:43.925+09:00 DEBUG 50683 --- [    Test worker] org.hibernate.SQL                        : 
    create table team (
        team_id bigint not null,
        name varchar(255),
        primary key (team_id)
    )
2023-10-10T09:33:43.925+09:00  INFO 50683 --- [    Test worker] p6spy                                    : #1696898023925 | took 0ms | statement | connection 3| url jdbc:h2:tcp://localhost/~/datajpa

    create table team (
        team_id bigint not null,
        name varchar(255),
        primary key (team_id)
    )

    create table team (
        team_id bigint not null,
        name varchar(255),
        primary key (team_id)
    );
2023-10-10T09:33:43.926+09:00 DEBUG 50683 --- [    Test worker] org.hibernate.SQL                        : 
    alter table if exists member 
       add constraint FKcjte2jn9pvo9ud2hyfgwcja0k 
       foreign key (team_id) 
       references team
2023-10-10T09:33:43.926+09:00  INFO 50683 --- [    Test worker] p6spy                                    : #1696898023926 | took 0ms | statement | connection 3| url jdbc:h2:tcp://localhost/~/datajpa

    alter table if exists member 
       add constraint FKcjte2jn9pvo9ud2hyfgwcja0k 
       foreign key (team_id) 
       references team

    alter table if exists member 
       add constraint FKcjte2jn9pvo9ud2hyfgwcja0k 
       foreign key (team_id) 
       references team;
2023-10-10T09:33:43.928+09:00  INFO 50683 --- [    Test worker] j.LocalContainerEntityManagerFactoryBean : Initialized JPA EntityManagerFactory for persistence unit 'default'
2023-10-10T09:33:43.999+09:00  WARN 50683 --- [    Test worker] JpaBaseConfiguration$JpaWebConfiguration : spring.jpa.open-in-view is enabled by default. Therefore, database queries may be performed during view rendering. Explicitly configure spring.jpa.open-in-view to disable this warning
2023-10-10T09:33:44.200+09:00  INFO 50683 --- [    Test worker] study.datajpa.DataJpaApplicationTests    : Started DataJpaApplicationTests in 1.3 seconds (process running for 1.704)
]]></system-out>
  <system-err><![CDATA[WARNING: A Java agent has been loaded dynamically (/Users/q/.gradle/caches/modules-2/files-2.1/net.bytebuddy/byte-buddy-agent/1.14.8/ae6ebe485f3bcd0a1e20241488a32e6400a501ef/byte-buddy-agent-1.14.8.jar)
WARNING: If a serviceability tool is in use, please run with -XX:+EnableDynamicAgentLoading to hide this warning
WARNING: If a serviceability tool is not in use, please run with -Djdk.instrument.traceUsage for more information
WARNING: Dynamic loading of agents will be disallowed by default in a future release
]]></system-err>
</testsuite>
