<?xml version="1.0" encoding="UTF-8"?>
<testsuite name="study.datajpa.repository.MemberRepositoryTest" tests="1" skipped="0" failures="0" errors="0" timestamp="2023-10-10T00:33:44" hostname="bui-MacBookPro.local" time="0.005">
  <properties/>
  <testcase name="testMember()" classname="study.datajpa.repository.MemberRepositoryTest" time="0.005"/>
  <system-out><![CDATA[2023-10-10T09:33:44.527+09:00  INFO 50683 --- [    Test worker] t.c.s.AnnotationConfigContextLoaderUtils : Could not detect default configuration classes for test class [study.datajpa.repository.MemberRepositoryTest]: MemberRepositoryTest does not declare any static, non-private, non-final, nested classes annotated with @Configuration.
2023-10-10T09:33:44.527+09:00  INFO 50683 --- [    Test worker] .b.t.c.SpringBootTestContextBootstrapper : Found @SpringBootConfiguration study.datajpa.DataJpaApplication for test class study.datajpa.repository.MemberRepositoryTest
2023-10-10T09:33:44.533+09:00  INFO 50683 --- [    Test worker] p6spy                                    : #1696898024533 | took 0ms | rollback | connection 6| url jdbc:h2:tcp://localhost/~/datajpa

;
]]></system-out>
  <system-err><![CDATA[]]></system-err>
</testsuite>
